2018-05-27 23:42:20,286 - rnn.rnn - INFO - building inference model.
2018-05-27 23:42:40,661 - rnn.rnn - INFO - generating 512 characters from top 10 choices.
2018-05-27 23:42:40,661 - rnn.rnn - INFO - generating with seed: "When can oh what".
2018-05-27 23:42:40,871 - rnn.rnn - INFO - generated text: 
When can oh what is going on.

2018-05-27 23:42:40,871 - rnn.rnn - INFO - generating 512 characters from top 10 choices.
2018-05-27 23:42:40,871 - rnn.rnn - INFO - generating with seed: "When can oh what".
2018-05-27 23:42:40,924 - rnn.rnn - INFO - generated text: 
When can oh what yhur your flight and had direct
Great .

2018-05-27 23:42:40,924 - rnn.rnn - INFO - generating 512 characters from top 10 choices.
2018-05-27 23:42:40,924 - rnn.rnn - INFO - generating with seed: "When can oh what".
2018-05-27 23:42:40,955 - rnn.rnn - INFO - generated text: 
When can oh what I realised the address?

2018-05-27 23:48:07,901 - rnn.rnn - INFO - building inference model.
2018-05-27 23:48:10,619 - rnn.rnn - INFO - generating 512 characters from top 10 choices.
2018-05-27 23:48:10,619 - rnn.rnn - INFO - generating with seed: "When can oh what".
2018-05-27 23:48:10,833 - rnn.rnn - INFO - generated text: 
When can oh what time arounds to work.

2018-05-27 23:48:10,833 - rnn.rnn - INFO - generating 512 characters from top 10 choices.
2018-05-27 23:48:10,833 - rnn.rnn - INFO - generating with seed: "When can oh what".
2018-05-27 23:48:10,985 - rnn.rnn - INFO - generated text: 
When can oh what time has been process twick by
Ok lets see what we service your accounts one a claim acrighin the frsat sing you for contacting you and resolve this proelle it there?

2018-05-27 23:48:10,985 - rnn.rnn - INFO - generating 512 characters from top 10 choices.
2018-05-27 23:48:10,985 - rnn.rnn - INFO - generating with seed: "When can oh what".
2018-05-27 23:48:11,011 - rnn.rnn - INFO - generated text: 
When can oh what's wran and with ?

2018-05-27 23:49:29,643 - rnn.rnn - INFO - building inference model.
2018-05-27 23:49:43,771 - rnn.rnn - INFO - generating 512 characters from top 10 choices.
2018-05-27 23:49:43,771 - rnn.rnn - INFO - generating with seed: "When can oh what".
2018-05-27 23:49:44,006 - rnn.rnn - INFO - generated text: 
When can oh what is your account number
I'm sorry you had this issue.

2018-05-27 23:49:44,006 - rnn.rnn - INFO - generating 512 characters from top 10 choices.
2018-05-27 23:49:44,006 - rnn.rnn - INFO - generating with seed: "When can oh what".
2018-05-27 23:49:44,035 - rnn.rnn - INFO - generated text: 
When can oh what is the intt 2
Great.

2018-05-27 23:49:44,035 - rnn.rnn - INFO - generating 512 characters from top 10 choices.
2018-05-27 23:49:44,035 - rnn.rnn - INFO - generating with seed: "When can oh what".
2018-05-27 23:49:44,068 - rnn.rnn - INFO - generated text: 
When can oh what is the order number?

2018-05-28 00:04:28,209 - rnn.rnn - INFO - generating 512 characters from top 10 choices.
2018-05-28 00:04:28,210 - rnn.rnn - INFO - generating with seed: "Just how effective".
2018-05-28 00:04:28,242 - rnn.rnn - INFO - generated text: 
Just how effective the system.

2018-05-28 00:04:28,242 - rnn.rnn - INFO - generating 512 characters from top 10 choices.
2018-05-28 00:04:28,242 - rnn.rnn - INFO - generating with seed: "Just how effective".
2018-05-28 00:04:28,329 - rnn.rnn - INFO - generated text: 
Just how effective your tickets of forcise will be refunded the contract
To help?

2018-05-28 00:04:28,329 - rnn.rnn - INFO - generating 512 characters from top 10 choices.
2018-05-28 00:04:28,329 - rnn.rnn - INFO - generating with seed: "Just how effective".
2018-05-28 00:04:28,353 - rnn.rnn - INFO - generated text: 
Just how effective my service .

2018-05-28 10:42:37,591 - rnn.rnn - INFO - generating 512 characters from top 10 choices.
2018-05-28 10:42:37,598 - rnn.rnn - INFO - generating with seed: "Just how effective is".
2018-05-28 10:42:37,780 - rnn.rnn - INFO - generated text: 
Just how effective is this.

2018-05-28 10:42:37,780 - rnn.rnn - INFO - generating 512 characters from top 10 choices.
2018-05-28 10:42:37,781 - rnn.rnn - INFO - generating with seed: "Just how effective is".
2018-05-28 10:42:37,803 - rnn.rnn - INFO - generated text: 
Just how effective issues.

2018-05-28 10:42:37,803 - rnn.rnn - INFO - generating 512 characters from top 10 choices.
2018-05-28 10:42:37,803 - rnn.rnn - INFO - generating with seed: "Just how effective is".
2018-05-28 10:42:37,842 - rnn.rnn - INFO - generated text: 
Just how effective is March 10th bookshelf?

2018-05-28 10:42:49,132 - rnn.rnn - INFO - generating 512 characters from top 10 choices.
2018-05-28 10:42:49,132 - rnn.rnn - INFO - generating with seed: "Just how effective is".
2018-05-28 10:42:49,159 - rnn.rnn - INFO - generated text: 
Just how effective is today?

2018-05-28 10:42:49,159 - rnn.rnn - INFO - generating 512 characters from top 10 choices.
2018-05-28 10:42:49,159 - rnn.rnn - INFO - generating with seed: "Just how effective is".
2018-05-28 10:42:49,248 - rnn.rnn - INFO - generated text: 
Just how effective is the refunds
Hey Kevin
I'm sorry to hear that thonk on your flightsed.

2018-05-28 10:42:49,248 - rnn.rnn - INFO - generating 512 characters from top 10 choices.
2018-05-28 10:42:49,248 - rnn.rnn - INFO - generating with seed: "Just how effective is".
2018-05-28 10:42:49,314 - rnn.rnn - INFO - generated text: 
Just how effective is the refund for instructions to help
Thank you
You too.

2018-05-28 10:43:26,099 - rnn.rnn - INFO - building inference model.
2018-05-28 10:43:27,337 - rnn.rnn - INFO - generating 512 characters from top 10 choices.
2018-05-28 10:43:27,337 - rnn.rnn - INFO - generating with seed: "Just how effective is".
2018-05-28 10:43:27,564 - rnn.rnn - INFO - generated text: 
Just how effective is this and I'm in the airline.

2018-05-28 10:43:27,564 - rnn.rnn - INFO - generating 512 characters from top 10 choices.
2018-05-28 10:43:27,564 - rnn.rnn - INFO - generating with seed: "Just how effective is".
2018-05-28 10:43:27,584 - rnn.rnn - INFO - generated text: 
Just how effective is this


2018-05-28 10:43:27,584 - rnn.rnn - INFO - generating 512 characters from top 10 choices.
2018-05-28 10:43:27,584 - rnn.rnn - INFO - generating with seed: "Just how effective is".
2018-05-28 10:43:27,625 - rnn.rnn - INFO - generated text: 
Just how effective is this channels are working.

2018-05-28 10:44:28,168 - rnn.rnn - INFO - building inference model.
2018-05-28 10:44:30,377 - rnn.rnn - INFO - generating 512 characters from top 10 choices.
2018-05-28 10:44:30,377 - rnn.rnn - INFO - generating with seed: "Just how effective is".
2018-05-28 10:44:30,582 - rnn.rnn - INFO - generated text: 
Just how effective is this me.

2018-05-28 10:44:30,582 - rnn.rnn - INFO - generating 512 characters from top 10 choices.
2018-05-28 10:44:30,582 - rnn.rnn - INFO - generating with seed: "Just how effective is".
2018-05-28 10:44:30,604 - rnn.rnn - INFO - generated text: 
Just how effective is this


2018-05-28 10:44:30,604 - rnn.rnn - INFO - generating 512 characters from top 10 choices.
2018-05-28 10:44:30,604 - rnn.rnn - INFO - generating with seed: "Just how effective is".
2018-05-28 10:44:30,647 - rnn.rnn - INFO - generated text: 
Just how effective is supervisor 1/00 agount.

2018-05-28 10:46:30,275 - rnn.rnn - INFO - building inference model.
2018-05-28 10:46:33,285 - rnn.rnn - INFO - generating 512 characters from top 10 choices.
2018-05-28 10:46:33,285 - rnn.rnn - INFO - generating with seed: "Just how effective is".
2018-05-28 10:46:33,490 - rnn.rnn - INFO - generated text: 
Just how effective is this 10.

2018-05-28 10:46:33,490 - rnn.rnn - INFO - generating 512 characters from top 10 choices.
2018-05-28 10:46:33,490 - rnn.rnn - INFO - generating with seed: "Just how effective is".
2018-05-28 10:46:33,514 - rnn.rnn - INFO - generated text: 
Just how effective is March 9th.

2018-05-28 10:46:33,514 - rnn.rnn - INFO - generating 512 characters from top 10 choices.
2018-05-28 10:46:33,514 - rnn.rnn - INFO - generating with seed: "Just how effective is".
2018-05-28 10:46:33,591 - rnn.rnn - INFO - generated text: 
Just how effective is this aflined this problem currently but it was declined whenfullbyer

