2018-05-27 22:28:45,145 - rnn - INFO - generating 512 characters from top 10 choices.
2018-05-27 22:28:45,150 - rnn - INFO - generating with seed: "Ryan is hopefulwhat".
2018-05-27 22:37:07,797 - utils - DEBUG - call: rnn.py train --checkpoint=checkpoints/model.ckpt --restore=checkpoints/model.ckpt --text=data/sentences.txt
2018-05-27 22:37:07,797 - utils - DEBUG - ArgumentParser: Namespace(batch_size=64, checkpoint_path='checkpoints/model.ckpt', clip_norm=5.0, drop_rate=0.0, embedding_size=32, learning_rate=0.001, log_path='/Users/Ryan.Enderby@ibm.com/asapp/asapp-ml/main.log', main=<function train_main at 0x1147dd2f0>, num_epochs=32, num_layers=2, restore='checkpoints/model.ckpt', rnn_size=128, seq_len=64, text_path='data/sentences.txt')
2018-05-27 22:37:07,811 - __main__ - INFO - corpus length: 1564488.
2018-05-27 22:37:10,623 - __main__ - INFO - model restored: checkpoints/model.ckpt.
2018-05-27 22:37:10,723 - __main__ - INFO - model saved: checkpoints/model.ckpt.
2018-05-27 22:37:11,065 - __main__ - INFO - building inference model.
2018-05-27 22:37:15,045 - __main__ - INFO - start of training.
2018-05-27 22:37:15,045 - utils - INFO - number of batches: 381.
2018-05-27 22:37:15,045 - utils - INFO - effective text length: 1560576.
2018-05-27 22:37:15,046 - utils - INFO - x shape: (64, 24384).
2018-05-27 22:37:15,698 - utils - INFO - y shape: (64, 24384, 98).
2018-05-27 22:37:29,070 - utils - DEBUG - call: rnn.py generate --checkpoint=checkpoints/model.ckpt --seed=What is you
2018-05-27 22:37:29,070 - utils - DEBUG - ArgumentParser: Namespace(checkpoint_path='checkpoints/model.ckpt', length=1024, log_path='/Users/Ryan.Enderby@ibm.com/asapp/asapp-ml/main.log', main=<function generate_main at 0x1119e1620>, seed='What is you', text_path=None, top_n=3)
2018-05-27 22:37:31,993 - __main__ - INFO - building inference model.
2018-05-27 22:37:32,722 - __main__ - INFO - model loaded: checkpoints/model.ckpt.
2018-05-27 22:37:32,723 - __main__ - INFO - generating 1024 characters from top 3 choices.
2018-05-27 22:37:32,723 - __main__ - INFO - generating with seed: "What is you".
2018-05-27 22:37:32,946 - __main__ - INFO - generated text: 
What is your order number so I can put you on this fixed.

2018-05-27 22:38:48,777 - utils - DEBUG - call: rnn.py train --checkpoint=checkpoints/model.ckpt --restore=checkpoints/model.ckpt --text=data/sentences.txt
2018-05-27 22:38:48,778 - utils - DEBUG - ArgumentParser: Namespace(batch_size=64, checkpoint_path='checkpoints/model.ckpt', clip_norm=5.0, drop_rate=0.0, embedding_size=32, learning_rate=0.001, log_path='/Users/Ryan.Enderby@ibm.com/asapp/asapp-ml/main.log', main=<function train_main at 0x113b8d378>, num_epochs=32, num_layers=2, restore='checkpoints/model.ckpt', rnn_size=128, seq_len=64, text_path='data/sentences.txt')
2018-05-27 22:38:48,783 - __main__ - INFO - corpus length: 1564488.
2018-05-27 22:38:51,687 - __main__ - INFO - model restored: checkpoints/model.ckpt.
2018-05-27 22:38:51,782 - __main__ - INFO - model saved: checkpoints/model.ckpt.
2018-05-27 22:38:52,167 - __main__ - INFO - building inference model.
2018-05-27 22:38:56,280 - __main__ - INFO - start of training.
2018-05-27 22:38:56,280 - utils - INFO - number of batches: 381.
2018-05-27 22:38:56,281 - utils - INFO - effective text length: 1560576.
2018-05-27 22:38:56,281 - utils - INFO - x shape: (64, 24384).
2018-05-27 22:38:56,930 - utils - INFO - y shape: (64, 24384, 98).
2018-05-27 22:39:04,791 - utils - DEBUG - call: rnn.py generate --checkpoint=checkpoints/model.ckpt --seed=What is you
2018-05-27 22:39:04,792 - utils - DEBUG - ArgumentParser: Namespace(checkpoint_path='checkpoints/model.ckpt', length=1024, log_path='/Users/Ryan.Enderby@ibm.com/asapp/asapp-ml/main.log', main=<function generate_main at 0x110acc6a8>, seed='What is you', text_path=None, top_n=3)
2018-05-27 22:39:07,586 - __main__ - INFO - building inference model.
2018-05-27 22:39:08,295 - __main__ - INFO - model loaded: checkpoints/model.ckpt.
2018-05-27 22:39:08,295 - __main__ - INFO - generating 1024 characters from top 3 choices.
2018-05-27 22:39:08,295 - __main__ - INFO - generating with seed: "What is you".
2018-05-27 22:39:08,493 - __main__ - INFO - generated text: 
What is your order number


2018-05-27 22:51:00,058 - rnn - INFO - generating 512 characters from top 10 choices.
2018-05-27 22:51:00,058 - rnn - INFO - generating with seed: "Ryan is hopefulwhat".
2018-05-27 22:51:59,718 - utils - DEBUG - call: rnn.py generate --checkpoint=checkpoints/model.ckpt --seed=What is you
2018-05-27 22:51:59,718 - utils - DEBUG - ArgumentParser: Namespace(checkpoint_path='checkpoints/model.ckpt', length=1024, log_path='/Users/Ryan.Enderby@ibm.com/asapp/asapp-ml/main.log', main=<function generate_main at 0x11a5506a8>, seed='What is you', text_path=None, top_n=3)
2018-05-27 22:52:02,613 - __main__ - INFO - building inference model.
2018-05-27 22:52:03,340 - __main__ - INFO - model loaded: checkpoints/model.ckpt.
2018-05-27 22:52:03,340 - __main__ - INFO - generating 1024 characters from top 3 choices.
2018-05-27 22:52:03,340 - __main__ - INFO - generating with seed: "What is you".
2018-05-27 22:52:03,532 - __main__ - INFO - generated text: 
What is your order now


2018-05-27 22:59:37,044 - utils - DEBUG - call: rnn.py generate --checkpoint=checkpoints/model.ckpt --seed=What is you
2018-05-27 22:59:37,044 - utils - DEBUG - ArgumentParser: Namespace(checkpoint_path='checkpoints/model.ckpt', length=1024, log_path='/Users/Ryan.Enderby@ibm.com/asapp/asapp-ml/main.log', main=<function generate_main at 0x110abb620>, seed='What is you', text_path=None, top_n=3)
2018-05-27 22:59:40,929 - __main__ - INFO - building inference model.
2018-05-27 22:59:41,739 - __main__ - INFO - model loaded: checkpoints/model.ckpt.
2018-05-27 22:59:41,740 - __main__ - INFO - generating 1024 characters from top 3 choices.
2018-05-27 22:59:41,740 - __main__ - INFO - generating with seed: "What is you".
2018-05-27 22:59:41,842 - __main__ - INFO - seed dimension: "(1, 1)".
2018-05-27 22:59:41,918 - __main__ - INFO - seed dimension: "(1, 1)".
2018-05-27 22:59:41,919 - __main__ - INFO - seed dimension: "(1, 1)".
2018-05-27 22:59:41,920 - __main__ - INFO - seed dimension: "(1, 1)".
2018-05-27 22:59:41,921 - __main__ - INFO - seed dimension: "(1, 1)".
2018-05-27 22:59:41,922 - __main__ - INFO - seed dimension: "(1, 1)".
2018-05-27 22:59:41,923 - __main__ - INFO - seed dimension: "(1, 1)".
2018-05-27 22:59:41,924 - __main__ - INFO - seed dimension: "(1, 1)".
2018-05-27 22:59:41,925 - __main__ - INFO - seed dimension: "(1, 1)".
2018-05-27 22:59:41,927 - __main__ - INFO - seed dimension: "(1, 1)".
2018-05-27 22:59:41,990 - __main__ - INFO - generated text: 
What is your account information for a no one of $159 am anything we can do it to me.

2018-05-27 23:00:23,167 - rnn - INFO - generating 512 characters from top 10 choices.
2018-05-27 23:00:23,167 - rnn - INFO - generating with seed: "Ryan is hopefulwhat".
2018-05-27 23:00:23,256 - rnn - INFO - seed dimension: "(1, 1)".
2018-05-27 23:08:22,483 - rnn - INFO - building inference model.
2018-05-27 23:08:27,526 - rnn - INFO - generating 512 characters from top 10 choices.
2018-05-27 23:08:27,526 - rnn - INFO - generating with seed: "Ryan is hopefulwhat".
2018-05-27 23:08:27,631 - rnn - INFO - seed dimension: "(1, 1)".
2018-05-27 23:08:27,708 - rnn - INFO - seed dimension: "(1, 1)".
2018-05-27 23:08:27,709 - rnn - INFO - seed dimension: "(1, 1)".
2018-05-27 23:08:27,710 - rnn - INFO - seed dimension: "(1, 1)".
2018-05-27 23:08:27,711 - rnn - INFO - seed dimension: "(1, 1)".
2018-05-27 23:08:27,712 - rnn - INFO - seed dimension: "(1, 1)".
2018-05-27 23:08:27,713 - rnn - INFO - seed dimension: "(1, 1)".
2018-05-27 23:08:27,714 - rnn - INFO - seed dimension: "(1, 1)".
2018-05-27 23:08:27,715 - rnn - INFO - seed dimension: "(1, 1)".
2018-05-27 23:08:27,716 - rnn - INFO - seed dimension: "(1, 1)".
2018-05-27 23:08:27,717 - rnn - INFO - seed dimension: "(1, 1)".
2018-05-27 23:08:27,718 - rnn - INFO - seed dimension: "(1, 1)".
2018-05-27 23:08:27,718 - rnn - INFO - seed dimension: "(1, 1)".
2018-05-27 23:08:27,719 - rnn - INFO - seed dimension: "(1, 1)".
2018-05-27 23:08:27,720 - rnn - INFO - seed dimension: "(1, 1)".
2018-05-27 23:08:27,721 - rnn - INFO - seed dimension: "(1, 1)".
2018-05-27 23:08:27,722 - rnn - INFO - seed dimension: "(1, 1)".
2018-05-27 23:08:27,723 - rnn - INFO - seed dimension: "(1, 1)".
2018-05-27 23:08:27,749 - rnn - INFO - generated text: 
Ryan is hopefulwhat into the credit within 5-10.

2018-05-27 23:09:17,769 - rnn - INFO - building inference model.
2018-05-27 23:09:37,757 - rnn - INFO - generating 512 characters from top 10 choices.
2018-05-27 23:09:37,757 - rnn - INFO - generating with seed: "Ryan is hopefulwhat".
2018-05-27 23:09:37,954 - rnn - INFO - generated text: 
Ryan is hopefulwhat.

2018-05-27 23:10:05,549 - rnn - INFO - generating 512 characters from top 10 choices.
2018-05-27 23:10:05,550 - rnn - INFO - generating with seed: "Hi, Can you please tell me".
2018-05-27 23:10:05,630 - rnn - INFO - generated text: 
Hi, Can you please tell me whec your shelf to log in that case fadtination signal boostion.

2018-05-27 23:10:10,446 - rnn - INFO - generating 512 characters from top 10 choices.
2018-05-27 23:10:10,446 - rnn - INFO - generating with seed: "Hi, Can you please tell me".
2018-05-27 23:10:10,493 - rnn - INFO - generated text: 
Hi, Can you please tell me what the new modem/row.

2018-05-27 23:10:13,282 - rnn - INFO - generating 512 characters from top 10 choices.
2018-05-27 23:10:13,283 - rnn - INFO - generating with seed: "Hi, Can you please tell me".
2018-05-27 23:10:13,353 - rnn - INFO - generated text: 
Hi, Can you please tell me what give me a book shelf and the payment right now.

2018-05-27 23:10:15,393 - rnn - INFO - generating 512 characters from top 10 choices.
2018-05-27 23:10:15,393 - rnn - INFO - generating with seed: "Hi, Can you please tell me".
2018-05-27 23:10:15,431 - rnn - INFO - generated text: 
Hi, Can you please tell me what the airports


2018-05-27 23:11:24,021 - rnn - INFO - generating 512 characters from top 10 choices.
2018-05-27 23:11:24,022 - rnn - INFO - generating with seed: "Hi, Can you please tell me".
2018-05-27 23:11:24,070 - rnn - INFO - generated text: 
Hi, Can you please tell me whihe your cellphone


2018-05-27 23:12:18,094 - rnn - INFO - building inference model.
2018-05-27 23:12:21,593 - rnn - INFO - generating 512 characters from top 10 choices.
2018-05-27 23:12:21,593 - rnn - INFO - generating with seed: "Hi, Can you please tell me".
2018-05-27 23:12:21,833 - rnn - INFO - generated text: 
Hi, Can you please tell me what has been snowed in at them somiod on
Great.

2018-05-27 23:13:56,984 - rnn - INFO - building inference model.
2018-05-27 23:13:59,480 - rnn - INFO - generating 512 characters from top 10 choices.
2018-05-27 23:13:59,480 - rnn - INFO - generating with seed: "Hi, Can you please tell me".
2018-05-27 23:13:59,740 - rnn - INFO - generated text: 
Hi, Can you please tell me whrieg service your area
Great, I have updated your account.

2018-05-27 23:13:59,740 - rnn - INFO - generating 512 characters from top 10 choices.
2018-05-27 23:13:59,740 - rnn - INFO - generating with seed: "Hi, Can you please tell me".
2018-05-27 23:13:59,933 - rnn - INFO - generated text: 
Hi, Can you please tell me the card we do service your account with a layovering that againse please assisting that
I
I am like to offer you a new flight number and need somion online is now in that case they will book installation.

2018-05-27 23:13:59,933 - rnn - INFO - generating 512 characters from top 10 choices.
2018-05-27 23:13:59,933 - rnn - INFO - generating with seed: "Hi, Can you please tell me".
2018-05-27 23:13:59,993 - rnn - INFO - generated text: 
Hi, Can you please tell me what is hampoo signature when is the payment.

2018-05-27 23:16:59,022 - rnn - INFO - building inference model.
2018-05-27 23:17:01,619 - rnn - INFO - generating 512 characters from top 10 choices.
2018-05-27 23:17:01,620 - rnn - INFO - generating with seed: "Hi, Can you please tell me".
2018-05-27 23:17:01,847 - rnn - INFO - generated text: 
Hi, Can you please tell me what the package was mucagation.

2018-05-27 23:17:01,847 - rnn - INFO - generating 512 characters from top 10 choices.
2018-05-27 23:17:01,847 - rnn - INFO - generating with seed: "Hi, Can you please tell me".
2018-05-27 23:17:01,937 - rnn - INFO - generated text: 
Hi, Can you please tell me the email within two working did not resolved for the past hour on a customer name.

2018-05-27 23:17:01,938 - rnn - INFO - generating 512 characters from top 10 choices.
2018-05-27 23:17:01,938 - rnn - INFO - generating with seed: "Hi, Can you please tell me".
2018-05-27 23:17:01,986 - rnn - INFO - generated text: 
Hi, Can you please tell me whec did not suire an order on?

