2018-05-27 15:30:02,145 - utils - DEBUG - call: keras_model.py train --checkpoint=checkpoints/model.cpkt --text=data/sentences/txt
2018-05-27 15:30:02,146 - utils - DEBUG - ArgumentParser: Namespace(batch_size=64, checkpoint_path='checkpoints/model.cpkt', clip_norm=5.0, drop_rate=0.0, embedding_size=32, learning_rate=0.001, log_path='/Users/Ryan.Enderby@ibm.com/asapp/asapp-ml/rnn-2/main.log', main=<function train_main at 0x1102c7488>, num_epochs=32, num_layers=2, restore=False, rnn_size=128, seq_len=64, text_path='data/sentences/txt')
2018-05-27 15:30:02,146 - utils - ERROR - [Errno 2] No such file or directory: 'data/sentences/txt'
Traceback (most recent call last):
  File "/Users/Ryan.Enderby@ibm.com/asapp/asapp-ml/rnn-2/utils.py", line 209, in main
    args.main(args)
  File "keras_model.py", line 139, in train_main
    with open(args.text_path) as f:
FileNotFoundError: [Errno 2] No such file or directory: 'data/sentences/txt'
2018-05-27 15:30:33,057 - utils - DEBUG - call: keras_model.py train --checkpoint=checkpoints/model.cpkt --text=data/sentences.txt
2018-05-27 15:30:33,057 - utils - DEBUG - ArgumentParser: Namespace(batch_size=64, checkpoint_path='checkpoints/model.cpkt', clip_norm=5.0, drop_rate=0.0, embedding_size=32, learning_rate=0.001, log_path='/Users/Ryan.Enderby@ibm.com/asapp/asapp-ml/rnn-2/main.log', main=<function train_main at 0x11096b488>, num_epochs=32, num_layers=2, restore=False, rnn_size=128, seq_len=64, text_path='data/sentences.txt')
2018-05-27 15:30:33,060 - __main__ - INFO - corpus length: 1564488.
2018-05-27 15:30:33,060 - __main__ - INFO - building model: batch_size=64, seq_len=64, vocab_size=98, embedding_size=32, rnn_size=128, num_layers=2, drop_rate=0.0, learning_rate=0.001, clip_norm=5.0.
2018-05-27 15:30:33,970 - __main__ - INFO - model saved: checkpoints/model.cpkt.
2018-05-27 15:30:35,099 - __main__ - INFO - building inference model.
2018-05-27 15:30:42,026 - __main__ - INFO - start of training.
2018-05-27 15:30:42,026 - utils - INFO - number of batches: 381.
2018-05-27 15:30:42,026 - utils - INFO - effective text length: 1560576.
2018-05-27 15:30:42,027 - utils - INFO - x shape: (64, 24384).
2018-05-27 15:30:42,674 - utils - INFO - y shape: (64, 24384, 98).
2018-05-27 15:31:43,348 - __main__ - INFO - epoch: 0, duration: 61s, loss: 3.07404.
2018-05-27 15:31:43,448 - __main__ - INFO - generating 512 characters from top 10 choices.
2018-05-27 15:31:43,448 - __main__ - INFO - generating with seed: "r ".
2018-05-27 15:31:44,229 - __main__ - INFO - generated text: 
r ht otu thas my yrass ache sith oret cap tot annre.
Hare t csops wive yourhe nlt teo wot yhe ner ou tod weadord as. tou arane acerer tod. I t onle aodd corelid sau t tuun anrhans banlerd oul.
Tas watles in me wenreler sote.
Chat meon tr toun wene anrome
I cy weut you. Yor cat toun auus met wa aun at oct weros yochhe
I tou t aut. Iout an nleed man nesl thi lirilr blete autr ane ant wonrlans mo tol nou su younrito I misid.
Thacls y thin chintd ons yold anr ats tourt an wesimrt ao sere ao I cot outet te aot hhe

2018-05-27 15:32:45,210 - __main__ - INFO - epoch: 1, duration: 60s, loss: 2.08036.
2018-05-27 15:32:45,212 - __main__ - INFO - generating 512 characters from top 10 choices.
2018-05-27 15:32:45,212 - __main__ - INFO - generating with seed: "ll".
2018-05-27 15:32:45,684 - __main__ - INFO - generated text: 
lle.
Thake the sthenn. Yan
That's ind and me sich to asdis the thent merveniy?
Gleases to was in your iscollre ther.
Whels afstit asd somet notis?
I wo somed is the shem.
I wrapk dedime andant all to hell you ting your a the nert no morle bill seaved! Heve I we can you thank you wat.
The ansonnith thas toirdd selpact te hansed ant ist that the hell you.
Ok
Your ses thabe. I hulco the cunsict
Ther your your the chark.
Thank your ipsourt is of the chabch to mate fumh te hilld it your ill at with sot.
Gat acdate

2018-05-27 15:33:46,505 - __main__ - INFO - epoch: 2, duration: 60s, loss: 1.65234.
2018-05-27 15:33:46,506 - __main__ - INFO - generating 512 characters from top 10 choices.
2018-05-27 15:33:46,507 - __main__ - INFO - generating with seed: "le bill,".
2018-05-27 15:33:46,980 - __main__ - INFO - generated text: 
le bill, I can ses
Will be and chegh this
Anstanting you whrone and that incsolle
Thank
Is shet angory and I mave a recio.
Have a dovered anythorition
Your inpuntionthantice ad siml your nowh the chacase I can have a bifh bethent it wisseld bicked thas mill.
When whilg I I resting whos i got mording on that my acle to hes thank you with connemt wate shag days flame inthone by ting you and reamer.
Ok weel thacked your conthordinn in your ondry charned aterass the sest may
It there anythine ig to pay carled
Hive so s

2018-05-27 15:38:55,974 - utils - DEBUG - call: keras_model.py train --checkpoint=checkpoints/model.cpkt --text=data/sentences.txt
2018-05-27 15:38:55,974 - utils - DEBUG - ArgumentParser: Namespace(batch_size=64, checkpoint_path='checkpoints/model.cpkt', clip_norm=5.0, drop_rate=0.0, embedding_size=32, learning_rate=0.001, log_path='/Users/Ryan.Enderby@ibm.com/asapp/asapp-ml/rnn-2/main.log', main=<function train_main at 0x111e8c510>, num_epochs=32, num_layers=2, restore=False, rnn_size=128, seq_len=64, text_path='data/sentences.txt')
2018-05-27 15:38:55,977 - __main__ - INFO - corpus length: 1564488.
2018-05-27 15:38:55,977 - __main__ - INFO - building model: batch_size=64, seq_len=64, vocab_size=98, embedding_size=32, rnn_size=128, num_layers=2, drop_rate=0.0, learning_rate=0.001, clip_norm=5.0.
2018-05-27 15:38:56,827 - __main__ - INFO - model saved: checkpoints/model.cpkt.
2018-05-27 15:38:57,668 - __main__ - INFO - building inference model.
2018-05-27 15:39:05,043 - __main__ - INFO - start of training.
2018-05-27 15:39:05,043 - utils - INFO - number of batches: 381.
2018-05-27 15:39:05,044 - utils - INFO - effective text length: 1560576.
2018-05-27 15:39:05,044 - utils - INFO - x shape: (64, 24384).
2018-05-27 15:39:05,692 - utils - INFO - y shape: (64, 24384, 98).
2018-05-27 15:40:06,383 - __main__ - INFO - epoch: 0, duration: 61s, loss: 3.0845.
2018-05-27 15:40:06,485 - __main__ - INFO - generating 512 characters from top 10 choices.
2018-05-27 15:40:06,486 - __main__ - INFO - generating with seed: " Is there anythi".
2018-05-27 15:40:07,298 - __main__ - INFO - generated text: 
 Is there anythianteted mrass wausray miaas nauu nauu n siclu y yeeed
wodiyer nloth.. woled moay sauu isdest ie aotis you tout yhot th anrt wiud wor sinas I
seut yiur tou as ca so tat. tl tilar sat to tase thalt toun whor I mnre mide mot wlal ton anot in Iesirertore
ies to oticlu tun the tore. cot nrerre teu nnlr sarat wheas snonlen nhoas toun.
thayh
ond ce caueton sonn at allles sonn nls os nhicelay ca nallle.
yout I cis th yh sasorr. yo in au soa yset w orrt.
tor stans what teum the noyd so the nnr ian nnrr soss wou tes 

2018-05-27 15:41:06,650 - __main__ - INFO - epoch: 1, duration: 59s, loss: 2.28589.
2018-05-27 15:41:06,653 - __main__ - INFO - generating 512 characters from top 10 choices.
2018-05-27 15:41:06,653 - __main__ - INFO - generating with seed: "t nu".
2018-05-27 15:41:07,138 - __main__ - INFO - generated text: 
t nune sale asyrent the ase as west thlt your when yin orele fus as
te hall thank the cime you ad ad anserd ar to posdeds sheatt te se cerlot. the at and int you wornomes yhis'rs any aplith
I hher'te on in that'm ok thit dhes dome a ceond on a adthe phoners in heck to rloot tel ard ytor cat thal hat sall wo hanle somry
I ule secully anpinge
The wan hott yoo conthant
you can touk it Ias the and winp cortont if sy in that is a see theremy nlers you fav way
I calt on bonpithit atsonned the fo rot clasly
Ie pudet t

2018-05-27 15:42:06,523 - __main__ - INFO - epoch: 2, duration: 59s, loss: 1.94064.
2018-05-27 15:42:06,525 - __main__ - INFO - generating 512 characters from top 10 choices.
2018-05-27 15:42:06,525 - __main__ - INFO - generating with seed: "e wifi right now".
2018-05-27 15:42:07,018 - __main__ - INFO - generated text: 
e wifi right now.
Whouk i gursh that shone thas you.
Thark your to dat instom ther that't onforing is.
Hell pave cit the atter tade treat dy bigker shast was slee isseide aroust of wath shey.
Okay I assitnet!
I'r hapcing you po apto with ondest te we dave as and.
I dont a graat tame be petthed ofd tire to wackont you and infure to wad holbice you holet
Okay!
I sirsy than ipd sorth orsers you.
I can phelfsen anlor at a crryonm my thank yreat wath your to thenithed opmericith the asd taid as and thankd ipdorned ind. Ylat is 

2018-05-27 15:43:07,843 - __main__ - INFO - epoch: 3, duration: 60s, loss: 1.69757.
2018-05-27 15:43:07,845 - __main__ - INFO - generating 512 characters from top 10 choices.
2018-05-27 15:43:07,845 - __main__ - INFO - generating with seed: "he c".
2018-05-27 15:43:08,330 - __main__ - INFO - generated text: 
he cat a seriber.
I are changed ind your clatud the nery to pad will cell asverem to hece you recorry be cad me within to happelp is minpent this and in olfe droving eves, this? I wank some book ous it way
Okay I coun with.
No sharg inso there.
I cofpind be with you.
Have a groble dy boes it ontternaciith a goure that delbo are corthing i dais.
Okay, the to the to shan hech that you wercerny it me rew berbe cansis you with your trels in sick out
I'm doday acortent? It shoph? Let ordenfent
Ok the ctolf you? What

2018-05-27 15:44:10,847 - __main__ - INFO - epoch: 4, duration: 62s, loss: 1.53264.
2018-05-27 15:44:10,849 - __main__ - INFO - generating 512 characters from top 10 choices.
2018-05-27 15:44:10,849 - __main__ - INFO - generating with seed: "em".
2018-05-27 15:44:11,329 - __main__ - INFO - generated text: 
em
3sit hevile anytoun one time time and amain is it, my changed not the payst dey sulare instast is the can a preang till upder that my wish up the order to mm the rabome a siblor.
Yes I hook tryan fulling that i secnes!
Whanks onar sume was be confirmen.
Have a great that's the resed that you cant and missenned the pay.
Is your accenpy will. I wam hacking to houced nemact of my ow bext should to asdres
Thanks
Great delivered fligh. The stellfomes for that!
You pulled a dow dickay with and to me help
ok your

2018-05-27 15:45:13,299 - __main__ - INFO - epoch: 5, duration: 61s, loss: 1.41767.
2018-05-27 15:45:13,300 - __main__ - INFO - generating 512 characters from top 10 choices.
2018-05-27 15:45:13,301 - __main__ - INFO - generating with seed: "I ".
2018-05-27 15:45:13,809 - __main__ - INFO - generated text: 
I  ren hevan syond oull urxing the cam have a new the parchen that marbiched you fim carch one your addate weekered to mo help your a coccast as but my cesded out it same you sicned to can iss that!
I day bextinl not muck you're will rest boope of tried and this friin I recent.
I doo ses tabeem too any
Okay.
Have, is in Is'ss on the new you with tomest was do shelf and chave offen and confillent my can if that we resed your promitely wode is see with and are whit balls and have cas sigk?
That's heal hould me 

2018-05-27 15:46:18,836 - __main__ - INFO - epoch: 6, duration: 65s, loss: 1.33399.
2018-05-27 15:46:18,838 - __main__ - INFO - generating 512 characters from top 10 choices.
2018-05-27 15:46:18,838 - __main__ - INFO - generating with seed: "the area
Okay th".
2018-05-27 15:46:19,321 - __main__ - INFO - generated text: 
the area
Okay that inthing oves a crecominate this investigitime word the chanle in assist to have me the assitiny?
Can you werkirg and should bu cancelled be within! Can your account.
I have a new nuxt noon. It assist you lotines on out tomer?
You are, and are a preatill be bpopect and a bookshelf be work onsher inst happy to hear that you well deecs to pay that. I will service your allate it's you conday has dear. Thank you
Thank you.
What was tryine charged. Whores like lockes a doorn. I see you tning there anyting.
You

2018-05-27 15:47:22,782 - __main__ - INFO - epoch: 7, duration: 63s, loss: 1.27174.
2018-05-27 15:47:22,783 - __main__ - INFO - generating 512 characters from top 10 choices.
2018-05-27 15:47:22,784 - __main__ - INFO - generating with seed: " let".
2018-05-27 15:47:23,251 - __main__ - INFO - generated text: 
 let, there working else, been cerfursate my cell bere of the trees and internet bact with belp
One you with today
Thank you.
Thanks! I sould lox of work?
I would see that you are conber of the check us anything eccet for the acconned that you this have the receinide this for the rearilly will carcorms.
You're welcome.
What's your account bill updest for your cabling a momer with. with the's be haclined the cell alior.
I'm having your account in should be horring we cincortling fine sect out it if work the set 

2018-05-27 15:48:26,880 - __main__ - INFO - epoch: 8, duration: 63s, loss: 1.22348.
2018-05-27 15:48:26,882 - __main__ - INFO - generating 512 characters from top 10 choices.
2018-05-27 15:48:26,882 - __main__ - INFO - generating with seed: "to".
2018-05-27 15:48:27,365 - __main__ - INFO - generated text: 
ton
padrice It are a vided toony are service that
One to have a lipe to do someone that work the instraated that it up a there any outs on out anyo this?
Okay.. Lest posfired bach it usels chating to stracement while be that with?
You are scaded my creade my chargect and out information.!
Ok great I have bope the resolve this and is showed the corrent flight detwer.
Thanks
Thank, I can have i pascourt of the ascop?
OK I am sorry to hear dire flwies again an assist you help me works to is flight to be should t

2018-05-27 15:49:28,463 - __main__ - INFO - epoch: 9, duration: 61s, loss: 1.18484.
2018-05-27 15:49:28,465 - __main__ - INFO - generating 512 characters from top 10 choices.
2018-05-27 15:49:28,465 - __main__ - INFO - generating with seed: "s th".
2018-05-27 15:49:28,948 - __main__ - INFO - generated text: 
s ths cosned it don informatiog table with trohs account bust is corrent.
I have empond the new cancele the payment it to
Yes preatuday for that is internoon or celfoon.
Your account on on misse the purphate it work fly pabe and the schedule thanks. What's your incortly puckation.
Yes, I can have a problem
Thanks
We do
Hem i can assist you with that your plicur.. Can you shopely and I wind you hacning you're secvice channels arrividing I can did no?
No that would be happened begience I will be to sode assist yo

2018-05-27 15:50:29,392 - __main__ - INFO - epoch: 10, duration: 60s, loss: 1.15323.
2018-05-27 15:50:29,394 - __main__ - INFO - generating 512 characters from top 10 choices.
2018-05-27 15:50:29,394 - __main__ - INFO - generating with seed: "co".
2018-05-27 15:50:29,875 - __main__ - INFO - generated text: 
co''se pens mode much thinu available custact the schedule?
Hey That is ag the cerdin stort.
You've sided the prepitiness flight and worn two choors are someone no amaif out there wantion and I can have any are coniable?
Is there anything else I can help you with that would like to should withil that you're trididay address?
Neel brow work but working?
Ok, you all thank is the sy ubee if you have we cellp take a reschated the colieble that we details resolve will be happent why it received trich but we have a

2018-05-27 15:51:29,723 - __main__ - INFO - epoch: 11, duration: 59s, loss: 1.12681.
2018-05-27 15:51:29,726 - __main__ - INFO - generating 512 characters from top 10 choices.
2018-05-27 15:51:29,726 - __main__ - INFO - generating with seed: "elcome.
Have a w".
2018-05-27 15:51:30,222 - __main__ - INFO - generated text: 
elcome.
Have a woulds you ordering a ticket with this one of the pays
Way the the rest of your address?
Gurchagle
Hi?
Thank you
One it shopes onened
Your get instract been or and sorry?
Same, my cellphone and tound your went a suppess to double but it is. Have ereay will apainable with a resort to resolve this?
Sure.
OK I will are went to done you able to see if your iday?.
Can you help me. Sennected this address
Ok I just not has been at there and I need your cersect asshing to all see if dorny all
I am going to ruse
I am

2018-05-27 15:52:29,782 - __main__ - INFO - epoch: 12, duration: 59s, loss: 1.10414.
2018-05-27 15:52:29,784 - __main__ - INFO - generating 512 characters from top 10 choices.
2018-05-27 15:52:29,784 - __main__ - INFO - generating with seed: " s".
2018-05-27 15:52:30,256 - __main__ - INFO - generated text: 
 sctryvorour are cell book for your account number
Is there anything else i help me out to someone and need to so trouble?
Hello.
Could you help you with the invesighted my new account ordered with your account arr chard way to reset your poline or account whore that you ticket for you.
Thank you online and will someone have cas a resortly wirlence.
What's seems to call is as cellpton? Can assist you file begact for a new aponuctions and it should allos, its. The system it with a tickets and there and I will 

2018-05-27 15:53:30,822 - __main__ - INFO - epoch: 13, duration: 60s, loss: 1.08454.
2018-05-27 15:53:30,825 - __main__ - INFO - generating 512 characters from top 10 choices.
2018-05-27 15:53:30,825 - __main__ - INFO - generating with seed: "anything else I can assist you w".
2018-05-27 15:53:31,336 - __main__ - INFO - generated text: 
anything else I can assist you with?!
Sone news my flight and of a ticketly cable!
I have book about.
What's your account to a can be rest of your information works with your account as wish on town are for a meance shouldbr thank you for a conficeact while I can chccases
Hey, that's your refunding in the notion?
I'm sorry to hear that this available table been a pleast acted.
What's your email appoict at your account.
Have a great dinned soxnest oven trads,
Thank you. Would you get an inconportm.
I see the order stant my from that.
You'r

2018-05-27 15:54:32,398 - __main__ - INFO - epoch: 14, duration: 61s, loss: 1.06725.
2018-05-27 15:54:32,400 - __main__ - INFO - generating 512 characters from top 10 choices.
2018-05-27 15:54:32,400 - __main__ - INFO - generating with seed: "e ".
2018-05-27 15:54:32,877 - __main__ - INFO - generated text: 
e hes i saften today?
Have a gature that we access for the balading arrived?
I can do you are cless there asswortund online for me, is cable and need to but we happy to help!
One my cellove ticcess are working one and work today that is March our.
There is date and stractly for to caid on a this for on March a tickets working password.
I am another to a resort. Can you pllared billing that mistart declined and realable
Okay. Is that in your area is sorry shone the show today.
I just to assist you with?
I can 

2018-05-27 15:55:34,403 - __main__ - INFO - epoch: 15, duration: 61s, loss: 1.05178.
2018-05-27 15:55:34,406 - __main__ - INFO - generating 512 characters from top 10 choices.
2018-05-27 15:55:34,406 - __main__ - INFO - generating with seed: "What's your account number?
Our ".
2018-05-27 15:55:34,935 - __main__ - INFO - generated text: 
What's your account number?
Our card on flight details, it seems table the phone number againss.
Ok you signd ip a temp.
What is your order number?
I am glad to hive an our someone service they days and secvice commat will be be to some shouls in your day. What is your accw now anono name and need to resolve this issue and in slow.
Could you very missed your new tide.
I will be rebam an online calls and service will delivericied it
Okay guate tryep?
Is there a gidar a compent
So I recaniectly have the bank
Okay. What has get on a charged 

2018-05-27 15:56:40,881 - __main__ - INFO - epoch: 16, duration: 65s, loss: 1.03786.
2018-05-27 15:56:40,883 - __main__ - INFO - generating 512 characters from top 10 choices.
2018-05-27 15:56:40,884 - __main__ - INFO - generating with seed: " will be back on".
2018-05-27 15:56:41,542 - __main__ - INFO - generated text: 
 will be back on the password
I should be how is the posfilly departication, but was done food missed my flight it was bet or a ragalidal bads
I will be one number on my right
Okay.
Please cellent
I don't hight delivered with your card a new avoilable.
It card on the the password u please
ok
Thankalled?
You're reploved it today with your boss we went it was able to contract us again. Let me all set, is not missed mys? I can help me with the new canceld and see the a card none in extature come out.
Okay I am happy but that'

2018-05-27 15:57:45,667 - __main__ - INFO - epoch: 17, duration: 64s, loss: 1.02523.
2018-05-27 15:57:45,669 - __main__ - INFO - generating 512 characters from top 10 choices.
2018-05-27 15:57:45,669 - __main__ - INFO - generating with seed: "le".
2018-05-27 15:57:46,165 - __main__ - INFO - generated text: 
le!,!
pot clearived. Does to get through be return and see if there are tvoul billing an installation a signation otay on hacking olable about as it. Please like your account.
Ok give me assist you.
What is the end and I have cellact your tickets service is mack two days.
I have been recently because
Thank you. What is through.
Great.
That's alola a replacement betw
Great, let me see if your come information.
I am canfore hours flights what is it is no.
Thank you. Thank you thanks
Great.
I can service stopped

2018-05-27 15:58:50,606 - __main__ - INFO - epoch: 18, duration: 64s, loss: 1.01371.
2018-05-27 15:58:50,609 - __main__ - INFO - generating 512 characters from top 10 choices.
2018-05-27 15:58:50,609 - __main__ - INFO - generating with seed: "o pi".
2018-05-27 15:58:51,080 - __main__ - INFO - generated text: 
o pit rsowhanged.
Could you please have a new morning with
Ok, I notible with this can dello?
No thanks I openeg the roblem is not the bank.
Have a all
Okay thanks
Hello, i charny!
The next address
Hi. it apologize sage for this flight buennel my flights is the confirm theresheathout a shelvenize your associated.
Thanks
Hey That's your area is of thes are an email for you should be all the carmat
I amoulable phone number soon
Sorry to hear by modem so I was purchased this tickets
If there are confirmation nent 

2018-05-27 15:59:53,429 - __main__ - INFO - epoch: 19, duration: 62s, loss: 1.00311.
2018-05-27 15:59:53,431 - __main__ - INFO - generating 512 characters from top 10 choices.
2018-05-27 15:59:53,433 - __main__ - INFO - generating with seed: "l be available b".
2018-05-27 15:59:53,926 - __main__ - INFO - generated text: 
l be available but it droped a ticket of those will bech two disnow.
You assisting your inbox within the nameing into this for my passible.
I am sure when done?
Specolune will phone service aspensement through
Yes I can do though the bark.
Can! It was a pleasure helping you.
Going to setly do if I was day
Thank you for that, did you received an on a refund to details. I see that you received the refund to the bose stopped working in the tant
In the sonether the boss un about any wersit now.
Ok
I have scheduled you much the

2018-05-27 16:00:58,552 - __main__ - INFO - epoch: 20, duration: 64s, loss: 0.993396.
2018-05-27 16:00:58,554 - __main__ - INFO - generating 512 characters from top 10 choices.
2018-05-27 16:00:58,554 - __main__ - INFO - generating with seed: "e ".
2018-05-27 16:00:59,033 - __main__ - INFO - generated text: 
e I tligh.
Hi I have placed the issue?
Oh thanks!
No that's all be signing again
Thank you possible should see that information. I am happy to assist you with it to recently modem onliver it doend the system
Ok, I have are on the correct and I have an please clearling.
Your card number associated.
Thank you.
The shelf but I can't have connection is but have been account in thank with that acceptiates
Ok I's table I alsohn this since that a service that table only has assoch bookshelf from the charge stantule 

2018-05-27 16:02:00,620 - __main__ - INFO - epoch: 21, duration: 61s, loss: 0.984371.
2018-05-27 16:02:00,621 - __main__ - INFO - generating 512 characters from top 10 choices.
2018-05-27 16:02:00,621 - __main__ - INFO - generating with seed: "updated.".
2018-05-27 16:02:01,094 - __main__ - INFO - generated text: 
updated.
Okay. What did again?
Helle any comment system cary, then is on the account.
You provide me.
This can I need to see if you're area.
Have a good cable and need that I can't channels are working and I dit is unto the case.
Ha cable is?
I will be sull there way delivered in 10 resores cast. Cle reconved back from a banking.
They pulling into speed our on for you.
I'm sorry to hear this fixe of the shelfore flight dnom us
Thank you for your account stiding please tell me with this refund for you
Is there anyth

2018-05-27 16:03:01,108 - __main__ - INFO - epoch: 22, duration: 60s, loss: 0.976059.
2018-05-27 16:03:01,109 - __main__ - INFO - generating 512 characters from top 10 choices.
2018-05-27 16:03:01,110 - __main__ - INFO - generating with seed: " Fargo, got 20 i".
2018-05-27 16:03:01,588 - __main__ - INFO - generated text: 
 Fargo, got 20 invoice at your assocal?
It's all tell me.
We will be have you the shelf.
I am trickbor bser should
It assocation
Great.
I would be within the table. I am't have a good. Thank you.
Great, another show is the ticket.
Thank you!
Have a great day
You're welcome.
Okay.
Have'
And will be trying sort and I'm happy to assist you with this. What's your new address?
Hi, I just note the safe flight, betweens through does that accest, I see the card when I cam do a call none of my charge what phone not has and cause a 

2018-05-27 16:04:01,167 - __main__ - INFO - epoch: 23, duration: 59s, loss: 0.968354.
2018-05-27 16:04:01,169 - __main__ - INFO - generating 512 characters from top 10 choices.
2018-05-27 16:04:01,169 - __main__ - INFO - generating with seed: "ke".
2018-05-27 16:04:01,635 - __main__ - INFO - generated text: 
ken!.. o. ha there anything else I'm sorry to hee did offer a has daid i all
I am going to currently strange. In the cancel my contract.
Do it that. Conciraly sustons theresh. Please charged into allars tear now. Let me schedule the bank?
Yes they had doend.
Give me assock.
This willp that I can phone number is okay I am all here.
Is there anything else I can assist?
Yes it work for that.
What assist you with this.
That would you provided a bookshelf?
No
It there's anything else I can help you git on a telars

2018-05-27 16:05:01,504 - __main__ - INFO - epoch: 24, duration: 59s, loss: 0.96114.
2018-05-27 16:05:01,506 - __main__ - INFO - generating 512 characters from top 10 choices.
2018-05-27 16:05:01,506 - __main__ - INFO - generating with seed: "rvic".
2018-05-27 16:05:01,979 - __main__ - INFO - generated text: 
rvicvitroroh will streveraciess this modem in that someone is March 25th bit with my charges because the cable!
Is there anything else I can help you with today>!
Hi I am voon show the department.
I have addredint thel in at the cell phone service just please that you ordered appointment and when dippy to help. Thank
you soon as ifselled any. Have a great day
You're welcome. Is there anything else I can assist you with to able a chlisn second missing.
Can I would like to happy to change your card we can cay!
I'

2018-05-27 16:06:02,899 - __main__ - INFO - epoch: 25, duration: 60s, loss: 0.954342.
2018-05-27 16:06:02,900 - __main__ - INFO - generating 512 characters from top 10 choices.
2018-05-27 16:06:02,900 - __main__ - INFO - generating with seed: "ernet pr".
2018-05-27 16:06:03,378 - __main__ - INFO - generated text: 
ernet prea late card I shopen show
No thank you!
I have been a loyal customer.
You are confering
Okay, in your account number?
Yes,
I am going to specifial so there correct
Woldivan on the bank was two due to help me a technors on the system
I can have a great day...
Could you please preppt to hear. So that will be rest of your day!
I recently cabling you able ricked in a freature as soon account!
Ok. I apologize for the shelf has been bothvor?
I can look into this.
Is there anything else I can assist you with toda

2018-05-27 16:07:05,893 - __main__ - INFO - epoch: 26, duration: 62s, loss: 0.947921.
2018-05-27 16:07:05,895 - __main__ - INFO - generating 512 characters from top 10 choices.
2018-05-27 16:07:05,895 - __main__ - INFO - generating with seed: " I h".
2018-05-27 16:07:06,381 - __main__ - INFO - generated text: 
 I hat recearch it cable any outtice further account.
Oh I have ager other a cable aso contast and have if a ticket house will be able so my password and see that moved for a otist at the day
Thanks
I will be happy to assisved to help up that no notie
and would be great day!
It seems to connect time ordered.
It should recently contract was modem!
That's no. What again.
Goodsed in able to commitify for the inquiry to a bill?
Or sounds between stort to date and see if we have on a flyon installation?
Hello I need

2018-05-27 16:08:09,645 - __main__ - INFO - epoch: 27, duration: 63s, loss: 0.941922.
2018-05-27 16:08:09,648 - __main__ - INFO - generating 512 characters from top 10 choices.
2018-05-27 16:08:09,648 - __main__ - INFO - generating with seed: "r a new internet".
2018-05-27 16:08:10,126 - __main__ - INFO - generated text: 
r a new internet service went while I am convenient or not snowedully day today.
How can I looks le with internet cancer the bank was not stallars with the retails?
I am to package is same is monning accounts.
I see that your availasion week.
I will have a ponature that the bank was delivered by the delivery serviliser?
I haven able twice, but I can't get fine around that we will be how the still the instand over the bank shelf?
If it's moved after number?
I can have i can sure
I see that your potes and preses?
Ok
Okay.
I 

2018-05-27 16:09:12,764 - __main__ - INFO - epoch: 28, duration: 62s, loss: 0.936176.
2018-05-27 16:09:12,766 - __main__ - INFO - generating 512 characters from top 10 choices.
2018-05-27 16:09:12,766 - __main__ - INFO - generating with seed: "47408
th".
2018-05-27 16:09:13,338 - __main__ - INFO - generated text: 
47408
that was stranged any instruction for March 10th.
I see that the table is not working please assist.
Ok thank you.
I'm happy to resetom?
Yestomer that it wish.
What happy
No that's all works and stall both order number sade.
We'll do i pulling on file
It's today.
Could you please receive there and required again?
Same to an out and the details ago many ret refunded two days
Thanks! I would bill that was canceled
It worsed to you tomorrow at 9p to mater ticket to a new cald we happy to assist you with this. Ca

2018-05-27 16:10:15,371 - __main__ - INFO - epoch: 29, duration: 62s, loss: 0.930808.
2018-05-27 16:10:15,373 - __main__ - INFO - generating 512 characters from top 10 choices.
2018-05-27 16:10:15,373 - __main__ - INFO - generating with seed: "e a safe flight
".
2018-05-27 16:10:15,862 - __main__ - INFO - generated text: 
e a safe flight
Ok great, I see that the system happened!
I was noweddates missing it and need to crening on your account with this issue.
Can you sent out out and have a new book and we snow a comment to the system?
Yes
Ok
Sorry will be happened for an am faster and it looks like look into this of is not an issue credit states. Please please contact ussicess!
I ordered arriving password!?
None offer it
Is there anything else I can help you with today
In Hallen a new sheming address?
4774 conaway with the install with a te

2018-05-27 16:11:20,898 - __main__ - INFO - epoch: 30, duration: 65s, loss: 0.925661.
2018-05-27 16:11:20,900 - __main__ - INFO - generating 512 characters from top 10 choices.
2018-05-27 16:11:20,901 - __main__ - INFO - generating with seed: "come.
He".
2018-05-27 16:11:21,374 - __main__ - INFO - generated text: 
come.
Helusinets when I can surely have me out today.
The further the new addressing.
Hi I have all sent my restoned with the account number.
Do electrong while I pulled u pincoll please
Okay.! Then are table will be recaided a lich ont mattement.
What seem so please krocess now.
Thanks.
Could you place on the system the nnow. When did the technicien from a pofidow, Willione.
I am unlocat bookshelf actwate. There if tw me to see you have the bookshelf mine?
We dother says credit that so I can assist you with this.


2018-05-27 16:12:26,112 - __main__ - INFO - epoch: 31, duration: 64s, loss: 0.92082.
2018-05-27 16:12:26,114 - __main__ - INFO - generating 512 characters from top 10 choices.
2018-05-27 16:12:26,115 - __main__ - INFO - generating with seed: "do".
2018-05-27 16:12:26,589 - __main__ - INFO - generated text: 
donn t had all day?
Not anything service
It went thing in the packing to procested.
Thank you
It should we do
Was a pleasure helping you.
Yeak. The next flight number and devicess!
Thank you
Then's confirmang but our account with the scheduled
I just can ofex!
You're welcome
ok I haven't the correct
In fix a tell me asshently morning.
Stall bill to deliver to now. Can you please check your account and rest of your need to assect home back it at 903 Woldiry Will be sagain and returnd with you to fix resolve th

2018-05-27 16:12:26,593 - __main__ - INFO - end of training, duration: 2001s.
2018-05-27 16:12:26,595 - __main__ - INFO - generating 1024 characters from top 3 choices.
2018-05-27 16:12:26,596 - __main__ - INFO - generating with seed: "p.
No pr".
2018-05-27 16:12:27,535 - __main__ - INFO - generated text: 
p.
No pragage but then I can do is a resort there?
It should be back to charge your password to solve an email should bill the confirmation and i see that there is a shelf.
Okay, let me schece to reset a technician sheming that I was double billed to reset your cell service should be also see if there any address?
I'm happy to assist you with this.
Is there anything else I can do
That will be restart your account and I am sorry to hear that your cable contact the system?
I would like your address and I have an out of charge.
I see that there was no can be. The charge with the card on the right at 10a
Have a great day
Have you are cull not storting to schedule a safe flights tonorrow
Okay thank you.
What is your account working and it was delivered and I will see if there area is set a ticket of the shelves issue with your area is that cordent of tickets and I have a pleasure helping your account.
I'm happy to help me with that confirm that I can't hour now.
Is there anything else I can assist?
That is all
Thank you.


